Arguments: 
  /Users/kirillleontev/.nvm/versions/node/v7.8.0/bin/node /usr/local/bin/yarn add @types/underscore --dev

PATH: 
  /Users/kirillleontev/.nvm/versions/node/v7.8.0/bin:/Users/kirillleontev/.rvm/gems/ruby-2.0.0-p247/bin:/Users/kirillleontev/.rvm/gems/ruby-2.0.0-p247@global/bin:/Users/kirillleontev/.rvm/rubies/ruby-2.0.0-p247/bin:/usr/local/opt/php55/bin:/Users/kirillleontev/.rbenv/shims:/usr/local/mysql/bin:/usr/local/bin:/usr/bin:/bin:/usr/sbin:/sbin:/Users/kirillleontev/.rvm/bin

Yarn version: 
  0.20.3

Node version: 
  7.8.0

Platform: 
  darwin x64

npm manifest: 
  {
    "name": "@j.u.p.iter/validator",
    "version": "1.0.3",
    "description": "",
    "main": "index.js",
    "scripts": {
      "test": "echo \"Error: no test specified\" && exit 1",
      "prepublish": "tsc"
    },
    "author": "",
    "license": "ISC",
    "devDependencies": {
      "@types/validator": "^6.2.0",
      "typescript": "^2.3.4"
    },
    "dependencies": {
      "@types/underscore": "^1.8.1",
      "underscore": "^1.8.3",
      "validator": "^7.0.0"
    }
  }

yarn manifest: 
  No manifest

Lockfile: 
  # THIS IS AN AUTOGENERATED FILE. DO NOT EDIT THIS FILE DIRECTLY.
  # yarn lockfile v1
  
  
  "@types/validator@^6.2.0":
    version "6.2.0"
    resolved "https://registry.yarnpkg.com/@types/validator/-/validator-6.2.0.tgz#020322fe1929f69889eb675a1bdb5a98394b71f0"
  
  typescript@^2.3.4:
    version "2.3.4"
    resolved "https://registry.yarnpkg.com/typescript/-/typescript-2.3.4.tgz#3d38321828231e434f287514959c37a82b629f42"
  
  underscore@^1.8.3:
    version "1.8.3"
    resolved "https://registry.yarnpkg.com/underscore/-/underscore-1.8.3.tgz#4f3fb53b106e6097fcf9cb4109f2a5e9bdfa5022"
  
  validator@^7.0.0:
    version "7.0.0"
    resolved "https://registry.yarnpkg.com/validator/-/validator-7.0.0.tgz#c74deb8063512fac35547938e6f0b1504a282fd2"

Trace: 
  Error: connect ETIMEDOUT 104.16.63.173:443
      at Object.exports._errnoException (util.js:1034:11)
      at exports._exceptionWithHostPort (util.js:1057:20)
      at TCPConnectWrap.afterConnect [as oncomplete] (net.js:1096:14)
